This file contains any messages produced by compilers while
running configure, to aid debugging if configure makes a mistake.

It was created by GiNaC configure 1.8.6, which was
generated by GNU Autoconf 2.71.  Invocation command line was

  $ ./configure --prefix=/home/users/xinshuo/local --exec-prefix=/home/users/xinshuo/local

## --------- ##
## Platform. ##
## --------- ##

hostname = sh04-14n15.int
uname -m = x86_64
uname -r = 3.10.0-1160.119.1.el7.tuxcare.els18.x86_64
uname -s = Linux
uname -v = #1 SMP Sat Mar 8 14:57:36 UTC 2025

/usr/bin/uname -p = x86_64
/bin/uname -X     = unknown

/bin/arch              = x86_64
/usr/bin/arch -k       = unknown
/usr/convex/getsysinfo = unknown
/usr/bin/hostinfo      = unknown
/bin/machine           = unknown
/usr/bin/oslevel       = unknown
/bin/universe          = unknown

PATH: /share/software/user/open/ncurses/6.4/bin/
PATH: /home/users/xinshuo/go/bin/
PATH: /share/software/user/open/go/1.22.7/bin/
PATH: /share/software/user/restricted/mathematica/13.1.0/Executables/
PATH: /share/software/user/open/x11/7.7/bin/
PATH: /share/software/user/open/llvm/4.0.0/bin/
PATH: /share/software/user/open/libxml2/2.9.4/bin/
PATH: /share/software/user/open/fontconfig/2.12.4/bin/
PATH: /share/software/user/open/freetype/2.8.1/bin/
PATH: /share/software/user/open/libpng/1.2.57/bin/
PATH: /oak/stanford/orgs/kipac/users/xinshuo/texlive2024/bin/x86_64-linux/
PATH: /share/software/user/srcc/bin/
PATH: /usr/local/bin/
PATH: /usr/bin/
PATH: /usr/local/sbin/
PATH: /usr/sbin/
PATH: /oak/stanford/orgs/kipac/users/xinshuo/git-lfs-3.5.1/
PATH: /home/users/xinshuo/.local/bin/
PATH: /home/users/xinshuo/bin/


## ----------- ##
## Core tests. ##
## ----------- ##

configure:2883: looking for aux files: config.rpath compile config.guess config.sub ltmain.sh missing install-sh
configure:2896:  trying ./config/
configure:2925:   ./config/config.rpath found
configure:2925:   ./config/compile found
configure:2925:   ./config/config.guess found
configure:2925:   ./config/config.sub found
configure:2925:   ./config/ltmain.sh found
configure:2925:   ./config/missing found
configure:2907:   ./config/install-sh found
configure:3060: checking for a BSD-compatible install
configure:3133: result: /usr/bin/install -c
configure:3144: checking whether build environment is sane
configure:3199: result: yes
configure:3358: checking for a race-free mkdir -p
configure:3402: result: /usr/bin/mkdir -p
configure:3409: checking for gawk
configure:3430: found /usr/bin/gawk
configure:3441: result: gawk
configure:3452: checking whether make sets $(MAKE)
configure:3475: result: yes
configure:3505: checking whether make supports nested variables
configure:3523: result: yes
configure:3732: checking for g++
configure:3753: found /usr/bin/g++
configure:3764: result: g++
configure:3791: checking for C++ compiler version
configure:3800: g++ --version >&5
g++ (GCC) 4.8.5 20150623 (Red Hat 4.8.5-44)
Copyright (C) 2015 Free Software Foundation, Inc.
This is free software; see the source for copying conditions.  There is NO
warranty; not even for MERCHANTABILITY or FITNESS FOR A PARTICULAR PURPOSE.

configure:3811: $? = 0
configure:3800: g++ -v >&5
Using built-in specs.
COLLECT_GCC=g++
COLLECT_LTO_WRAPPER=/usr/libexec/gcc/x86_64-redhat-linux/4.8.5/lto-wrapper
Target: x86_64-redhat-linux
Configured with: ../configure --prefix=/usr --mandir=/usr/share/man --infodir=/usr/share/info --with-bugurl=http://bugzilla.redhat.com/bugzilla --enable-bootstrap --enable-shared --enable-threads=posix --enable-checking=release --with-system-zlib --enable-__cxa_atexit --disable-libunwind-exceptions --enable-gnu-unique-object --enable-linker-build-id --with-linker-hash-style=gnu --enable-languages=c,c++,objc,obj-c++,java,fortran,ada,go,lto --enable-plugin --enable-initfini-array --disable-libgcj --with-isl=/builddir/build/BUILD/gcc-4.8.5-20150702/obj-x86_64-redhat-linux/isl-install --with-cloog=/builddir/build/BUILD/gcc-4.8.5-20150702/obj-x86_64-redhat-linux/cloog-install --enable-gnu-indirect-function --with-tune=generic --with-arch_32=x86-64 --build=x86_64-redhat-linux
Thread model: posix
gcc version 4.8.5 20150623 (Red Hat 4.8.5-44) (GCC) 
configure:3811: $? = 0
configure:3800: g++ -V >&5
g++: error: unrecognized command line option '-V'
g++: fatal error: no input files
compilation terminated.
configure:3811: $? = 4
configure:3800: g++ -qversion >&5
g++: error: unrecognized command line option '-qversion'
g++: fatal error: no input files
compilation terminated.
configure:3811: $? = 4
configure:3831: checking whether the C++ compiler works
configure:3853: g++    conftest.cpp  >&5
configure:3857: $? = 0
configure:3907: result: yes
configure:3910: checking for C++ compiler default output file name
configure:3912: result: a.out
configure:3918: checking for suffix of executables
configure:3925: g++ -o conftest    conftest.cpp  >&5
configure:3929: $? = 0
configure:3952: result: 
configure:3974: checking whether we are cross compiling
configure:3982: g++ -o conftest    conftest.cpp  >&5
configure:3986: $? = 0
configure:3993: ./conftest
configure:3997: $? = 0
configure:4012: result: no
configure:4017: checking for suffix of object files
configure:4040: g++ -c   conftest.cpp >&5
configure:4044: $? = 0
configure:4066: result: o
configure:4070: checking whether the compiler supports GNU C++
configure:4090: g++ -c   conftest.cpp >&5
configure:4090: $? = 0
configure:4100: result: yes
configure:4111: checking whether g++ accepts -g
configure:4132: g++ -c -g  conftest.cpp >&5
configure:4132: $? = 0
configure:4176: result: yes
configure:4196: checking for g++ option to enable C++11 features
configure:4211: g++  -c -g -O2  conftest.cpp >&5
conftest.cpp:57:3: error: #error "Compiler does not advertise C++11 conformance"
 # error "Compiler does not advertise C++11 conformance"
   ^
conftest.cpp:62:3: error: 'constexpr' does not name a type
   constexpr int get_val() { return 20; }
   ^
conftest.cpp:62:3: note: C++11 'constexpr' only available with -std=c++11 or -std=gnu++11
conftest.cpp: In constructor 'cxx11test::delegate::delegate()':
conftest.cpp:74:30: warning: delegating constructors only available with -std=c++11 or -std=gnu++11 [enabled by default]
     delegate(): delegate(2354) {}
                              ^
conftest.cpp: At global scope:
conftest.cpp:85:24: warning: override controls (override/final) only available with -std=c++11 or -std=gnu++11 [enabled by default]
     virtual int getval() override final { return this->n * 2; }
                        ^
conftest.cpp:85:26: warning: override controls (override/final) only available with -std=c++11 or -std=gnu++11 [enabled by default]
     virtual int getval() override final { return this->n * 2; }
                          ^
conftest.cpp:92:16: warning: defaulted and deleted functions only available with -std=c++11 or -std=gnu++11 [enabled by default]
     nocopy() = default;
                ^
conftest.cpp:93:29: warning: defaulted and deleted functions only available with -std=c++11 or -std=gnu++11 [enabled by default]
     nocopy(const nocopy&) = delete;
                             ^
conftest.cpp:94:41: warning: defaulted and deleted functions only available with -std=c++11 or -std=gnu++11 [enabled by default]
     nocopy & operator=(const nocopy&) = delete;
                                         ^
conftest.cpp:106:46: error: ISO C++ forbids declaration of 'sum' with no type [-fpermissive]
   template <typename V> auto sum(V first) -> V
                                              ^
conftest.cpp:106:46: error: top-level declaration of 'sum' specifies 'auto'
conftest.cpp:106:46: error: trailing return type only available with -std=c++11 or -std=gnu++11
conftest.cpp:110:33: warning: variadic templates only available with -std=c++11 or -std=gnu++11 [enabled by default]
   template <typename V, typename... Args> auto sum(V first, Args... rest) -> V
                                 ^
conftest.cpp:110:69: warning: variadic templates only available with -std=c++11 or -std=gnu++11 [enabled by default]
   template <typename V, typename... Args> auto sum(V first, Args... rest) -> V
                                                                     ^
conftest.cpp:110:78: error: ISO C++ forbids declaration of 'sum' with no type [-fpermissive]
   template <typename V, typename... Args> auto sum(V first, Args... rest) -> V
                                                                              ^
conftest.cpp:110:78: error: top-level declaration of 'sum' specifies 'auto'
conftest.cpp:110:78: error: trailing return type only available with -std=c++11 or -std=gnu++11
conftest.cpp: In function 'int main(int, char**)':
conftest.cpp:134:8: error: 'a1' does not name a type
   auto a1 = 6538;
        ^
conftest.cpp:135:8: error: 'a2' does not name a type
   auto a2 = 48573953.4;
        ^
conftest.cpp:136:8: error: 'a3' does not name a type
   auto a3 = "String literal";
        ^
conftest.cpp:139:13: error: 'i' does not name a type
   for (auto i = a3; *i; ++i) { total += *i; }
             ^
conftest.cpp:139:21: error: expected ';' before '*' token
   for (auto i = a3; *i; ++i) { total += *i; }
                     ^
conftest.cpp:139:22: error: 'i' was not declared in this scope
   for (auto i = a3; *i; ++i) { total += *i; }
                      ^
conftest.cpp:141:12: error: 'a2' was not declared in this scope
   decltype(a2) a4 = 34895.034;
            ^
conftest.cpp:141:14: error: 'decltype' was not declared in this scope
   decltype(a2) a4 = 34895.034;
              ^
conftest.cpp:141:16: error: expected ';' before 'a4'
   decltype(a2) a4 = 34895.034;
                ^
conftest.cpp:145:12: error: 'get_val' is not a member of 'cxx11test'
   short sa[cxx11test::get_val()] = { 0 };
            ^
conftest.cpp:155:14: error: ISO C++ forbids declaration of 'x' with no type [-fpermissive]
   for (auto &x : array) { x += 23; }
              ^
conftest.cpp:155:18: error: range-based 'for' loops are not allowed in C++98 mode
   for (auto &x : array) { x += 23; }
                  ^
conftest.cpp:160:41: warning: lambda expressions only available with -std=c++11 or -std=gnu++11 [enabled by default]
   assert (eval ([](int x) { return x*2; }, 21) == 42);
                                         ^
conftest.cpp:160:46: error: no matching function for call to 'eval(main(int, char**)::__lambda0, int)'
   assert (eval ([](int x) { return x*2; }, 21) == 42);
                                              ^
conftest.cpp:160:46: note: candidate is:
conftest.cpp:100:44: note: template<class Ret, class Fn> Ret cxx11test::eval(Fn, Ret)
   template <typename Ret, typename Fn> Ret eval(Fn f, Ret v)
                                            ^
conftest.cpp:100:44: note:   template argument deduction/substitution failed:
conftest.cpp: In substitution of 'template<class Ret, class Fn> Ret cxx11test::eval(Fn, Ret) [with Ret = int; Fn = main(int, char**)::__lambda0]':
conftest.cpp:160:46:   required from here
conftest.cpp:160:46: error: template argument for 'template<class Ret, class Fn> Ret cxx11test::eval(Fn, Ret)' uses local type 'main(int, char**)::__lambda0'
   assert (eval ([](int x) { return x*2; }, 21) == 42);
                                              ^
conftest.cpp:160:46: error:   trying to instantiate 'template<class Ret, class Fn> Ret cxx11test::eval(Fn, Ret)'
conftest.cpp:162:48: warning: lambda expressions only available with -std=c++11 or -std=gnu++11 [enabled by default]
   assert (eval ([&](double x) { return d += x; }, 3.0) == 5.0);
                                                ^
conftest.cpp:162:54: error: no matching function for call to 'eval(main(int, char**)::__lambda1, double)'
   assert (eval ([&](double x) { return d += x; }, 3.0) == 5.0);
                                                      ^
conftest.cpp:162:54: note: candidate is:
conftest.cpp:100:44: note: template<class Ret, class Fn> Ret cxx11test::eval(Fn, Ret)
   template <typename Ret, typename Fn> Ret eval(Fn f, Ret v)
                                            ^
conftest.cpp:100:44: note:   template argument deduction/substitution failed:
conftest.cpp: In substitution of 'template<class Ret, class Fn> Ret cxx11test::eval(Fn, Ret) [with Ret = double; Fn = main(int, char**)::__lambda1]':
conftest.cpp:162:54:   required from here
conftest.cpp:162:54: error: template argument for 'template<class Ret, class Fn> Ret cxx11test::eval(Fn, Ret)' uses local type 'main(int, char**)::__lambda1'
   assert (eval ([&](double x) { return d += x; }, 3.0) == 5.0);
                                                      ^
conftest.cpp:162:54: error:   trying to instantiate 'template<class Ret, class Fn> Ret cxx11test::eval(Fn, Ret)'
conftest.cpp:164:56: warning: lambda expressions only available with -std=c++11 or -std=gnu++11 [enabled by default]
   assert (eval ([=](double x) mutable { return d += x; }, 4.0) == 9.0);
                                                        ^
conftest.cpp:164:62: error: no matching function for call to 'eval(main(int, char**)::__lambda2, double)'
   assert (eval ([=](double x) mutable { return d += x; }, 4.0) == 9.0);
                                                              ^
conftest.cpp:164:62: note: candidate is:
conftest.cpp:100:44: note: template<class Ret, class Fn> Ret cxx11test::eval(Fn, Ret)
   template <typename Ret, typename Fn> Ret eval(Fn f, Ret v)
                                            ^
conftest.cpp:100:44: note:   template argument deduction/substitution failed:
conftest.cpp: In substitution of 'template<class Ret, class Fn> Ret cxx11test::eval(Fn, Ret) [with Ret = double; Fn = main(int, char**)::__lambda2]':
conftest.cpp:164:62:   required from here
conftest.cpp:164:62: error: template argument for 'template<class Ret, class Fn> Ret cxx11test::eval(Fn, Ret)' uses local type 'main(int, char**)::__lambda2'
   assert (eval ([=](double x) mutable { return d += x; }, 4.0) == 9.0);
                                                              ^
conftest.cpp:164:62: error:   trying to instantiate 'template<class Ret, class Fn> Ret cxx11test::eval(Fn, Ret)'
conftest.cpp:169:20: error: 'cxx11test::sum' has not been declared
   using cxx11test::sum;
                    ^
conftest.cpp:170:8: error: 'a' does not name a type
   auto a = sum(1);
        ^
conftest.cpp:171:8: error: 'b' does not name a type
   auto b = sum(1, 2);
        ^
conftest.cpp:172:8: error: 'c' does not name a type
   auto c = sum(1.0, 2.0, 3.0);
        ^
conftest.cpp:186:13: error: 'nullptr' was not declared in this scope
   char *c = nullptr;
             ^
conftest.cpp:190:36: error: '>>' should be '> >' within a nested template argument list
   test_template<::test_template<int>> v(test_template<int>(12));
                                    ^
conftest.cpp:190:16: error: '<::' cannot begin a template-argument list [-fpermissive]
   test_template<::test_template<int>> v(test_template<int>(12));
                ^
conftest.cpp:190:16: note: '<:' is an alternate spelling for '['. Insert whitespace between '<' and '::'
conftest.cpp:190:16: note: (if you use '-fpermissive' or '-std=c++11', or '-std=gnu++11' G++ will accept your code)
conftest.cpp:194:22: error: 'u8' was not declared in this scope
   char const *utf8 = u8"UTF-8 string \u2500";
                      ^
conftest.cpp:195:3: error: 'char16_t' was not declared in this scope
   char16_t const *utf16 = u"UTF-8 string \u2500";
   ^
conftest.cpp:195:12: error: expected ';' before 'const'
   char16_t const *utf16 = u"UTF-8 string \u2500";
            ^
conftest.cpp:196:3: error: 'char32_t' was not declared in this scope
   char32_t const *utf32 = U"UTF-32 string \u2500";
   ^
conftest.cpp:196:12: error: expected ';' before 'const'
   char32_t const *utf32 = U"UTF-32 string \u2500";
            ^
configure:4211: $? = 1
configure: failed program was:
| /* confdefs.h */
| #define PACKAGE_NAME "GiNaC"
| #define PACKAGE_TARNAME "ginac"
| #define PACKAGE_VERSION "1.8.6"
| #define PACKAGE_STRING "GiNaC 1.8.6"
| #define PACKAGE_BUGREPORT "ginac-list@ginac.de"
| #define PACKAGE_URL "https://www.ginac.de/"
| #define PACKAGE "ginac"
| #define VERSION "1.8.6"
| /* end confdefs.h.  */
| 
| // Does the compiler advertise C++98 conformance?
| #if !defined __cplusplus || __cplusplus < 199711L
| # error "Compiler does not advertise C++98 conformance"
| #endif
| 
| // These inclusions are to reject old compilers that
| // lack the unsuffixed header files.
| #include <cstdlib>
| #include <exception>
| 
| // <cassert> and <cstring> are *not* freestanding headers in C++98.
| extern void assert (int);
| namespace std {
|   extern int strcmp (const char *, const char *);
| }
| 
| // Namespaces, exceptions, and templates were all added after "C++ 2.0".
| using std::exception;
| using std::strcmp;
| 
| namespace {
| 
| void test_exception_syntax()
| {
|   try {
|     throw "test";
|   } catch (const char *s) {
|     // Extra parentheses suppress a warning when building autoconf itself,
|     // due to lint rules shared with more typical C programs.
|     assert (!(strcmp) (s, "test"));
|   }
| }
| 
| template <typename T> struct test_template
| {
|   T const val;
|   explicit test_template(T t) : val(t) {}
|   template <typename U> T add(U u) { return static_cast<T>(u) + val; }
| };
| 
| } // anonymous namespace
| 
| 
| // Does the compiler advertise C++ 2011 conformance?
| #if !defined __cplusplus || __cplusplus < 201103L
| # error "Compiler does not advertise C++11 conformance"
| #endif
| 
| namespace cxx11test
| {
|   constexpr int get_val() { return 20; }
| 
|   struct testinit
|   {
|     int i;
|     double d;
|   };
| 
|   class delegate
|   {
|   public:
|     delegate(int n) : n(n) {}
|     delegate(): delegate(2354) {}
| 
|     virtual int getval() { return this->n; };
|   protected:
|     int n;
|   };
| 
|   class overridden : public delegate
|   {
|   public:
|     overridden(int n): delegate(n) {}
|     virtual int getval() override final { return this->n * 2; }
|   };
| 
|   class nocopy
|   {
|   public:
|     nocopy(int i): i(i) {}
|     nocopy() = default;
|     nocopy(const nocopy&) = delete;
|     nocopy & operator=(const nocopy&) = delete;
|   private:
|     int i;
|   };
| 
|   // for testing lambda expressions
|   template <typename Ret, typename Fn> Ret eval(Fn f, Ret v)
|   {
|     return f(v);
|   }
| 
|   // for testing variadic templates and trailing return types
|   template <typename V> auto sum(V first) -> V
|   {
|     return first;
|   }
|   template <typename V, typename... Args> auto sum(V first, Args... rest) -> V
|   {
|     return first + sum(rest...);
|   }
| }
| 
| 
| int
| main (int argc, char **argv)
| {
|   int ok = 0;
|   
|   assert (argc);
|   assert (! argv[0]);
| {
|   test_exception_syntax ();
|   test_template<double> tt (2.0);
|   assert (tt.add (4) == 6.0);
|   assert (true && !false);
| }
| 
|   
| {
|   // Test auto and decltype
|   auto a1 = 6538;
|   auto a2 = 48573953.4;
|   auto a3 = "String literal";
| 
|   int total = 0;
|   for (auto i = a3; *i; ++i) { total += *i; }
| 
|   decltype(a2) a4 = 34895.034;
| }
| {
|   // Test constexpr
|   short sa[cxx11test::get_val()] = { 0 };
| }
| {
|   // Test initializer lists
|   cxx11test::testinit il = { 4323, 435234.23544 };
| }
| {
|   // Test range-based for
|   int array[] = {9, 7, 13, 15, 4, 18, 12, 10, 5, 3,
|                  14, 19, 17, 8, 6, 20, 16, 2, 11, 1};
|   for (auto &x : array) { x += 23; }
| }
| {
|   // Test lambda expressions
|   using cxx11test::eval;
|   assert (eval ([](int x) { return x*2; }, 21) == 42);
|   double d = 2.0;
|   assert (eval ([&](double x) { return d += x; }, 3.0) == 5.0);
|   assert (d == 5.0);
|   assert (eval ([=](double x) mutable { return d += x; }, 4.0) == 9.0);
|   assert (d == 5.0);
| }
| {
|   // Test use of variadic templates
|   using cxx11test::sum;
|   auto a = sum(1);
|   auto b = sum(1, 2);
|   auto c = sum(1.0, 2.0, 3.0);
| }
| {
|   // Test constructor delegation
|   cxx11test::delegate d1;
|   cxx11test::delegate d2();
|   cxx11test::delegate d3(45);
| }
| {
|   // Test override and final
|   cxx11test::overridden o1(55464);
| }
| {
|   // Test nullptr
|   char *c = nullptr;
| }
| {
|   // Test template brackets
|   test_template<::test_template<int>> v(test_template<int>(12));
| }
| {
|   // Unicode literals
|   char const *utf8 = u8"UTF-8 string \u2500";
|   char16_t const *utf16 = u"UTF-8 string \u2500";
|   char32_t const *utf32 = U"UTF-32 string \u2500";
| }
| 
|   return ok;
| }
| 
configure:4211: g++ -std=gnu++11 -c -g -O2  conftest.cpp >&5
configure:4211: $? = 0
configure:4232: result: -std=gnu++11
configure:4296: checking whether make supports the include directive
configure:4311: make -f confmf.GNU && cat confinc.out
this is the am__doit target
configure:4314: $? = 0
configure:4333: result: yes (GNU style)
configure:4359: checking dependency style of g++ -std=gnu++11
configure:4471: result: gcc3
configure:4491: checking how to run the C++ preprocessor
configure:4513: g++ -std=gnu++11 -E  conftest.cpp
configure:4513: $? = 0
configure:4528: g++ -std=gnu++11 -E  conftest.cpp
conftest.cpp:11:28: fatal error: ac_nonexistent.h: No such file or directory
 #include <ac_nonexistent.h>
                            ^
compilation terminated.
configure:4528: $? = 1
configure: failed program was:
| /* confdefs.h */
| #define PACKAGE_NAME "GiNaC"
| #define PACKAGE_TARNAME "ginac"
| #define PACKAGE_VERSION "1.8.6"
| #define PACKAGE_STRING "GiNaC 1.8.6"
| #define PACKAGE_BUGREPORT "ginac-list@ginac.de"
| #define PACKAGE_URL "https://www.ginac.de/"
| #define PACKAGE "ginac"
| #define VERSION "1.8.6"
| /* end confdefs.h.  */
| #include <ac_nonexistent.h>
configure:4555: result: g++ -std=gnu++11 -E
configure:4569: g++ -std=gnu++11 -E  conftest.cpp
configure:4569: $? = 0
configure:4584: g++ -std=gnu++11 -E  conftest.cpp
conftest.cpp:11:28: fatal error: ac_nonexistent.h: No such file or directory
 #include <ac_nonexistent.h>
                            ^
compilation terminated.
configure:4584: $? = 1
configure: failed program was:
| /* confdefs.h */
| #define PACKAGE_NAME "GiNaC"
| #define PACKAGE_TARNAME "ginac"
| #define PACKAGE_VERSION "1.8.6"
| #define PACKAGE_STRING "GiNaC 1.8.6"
| #define PACKAGE_BUGREPORT "ginac-list@ginac.de"
| #define PACKAGE_URL "https://www.ginac.de/"
| #define PACKAGE "ginac"
| #define VERSION "1.8.6"
| /* end confdefs.h.  */
| #include <ac_nonexistent.h>
configure:4647: checking build system type
configure:4662: result: x86_64-pc-linux-gnu
configure:4682: checking host system type
configure:4696: result: x86_64-pc-linux-gnu
configure:4737: checking how to print strings
configure:4764: result: printf
configure:4847: checking for gcc
configure:4868: found /usr/bin/gcc
configure:4879: result: gcc
configure:5232: checking for C compiler version
configure:5241: gcc --version >&5
gcc (GCC) 4.8.5 20150623 (Red Hat 4.8.5-44)
Copyright (C) 2015 Free Software Foundation, Inc.
This is free software; see the source for copying conditions.  There is NO
warranty; not even for MERCHANTABILITY or FITNESS FOR A PARTICULAR PURPOSE.

configure:5252: $? = 0
configure:5241: gcc -v >&5
Using built-in specs.
COLLECT_GCC=gcc
COLLECT_LTO_WRAPPER=/usr/libexec/gcc/x86_64-redhat-linux/4.8.5/lto-wrapper
Target: x86_64-redhat-linux
Configured with: ../configure --prefix=/usr --mandir=/usr/share/man --infodir=/usr/share/info --with-bugurl=http://bugzilla.redhat.com/bugzilla --enable-bootstrap --enable-shared --enable-threads=posix --enable-checking=release --with-system-zlib --enable-__cxa_atexit --disable-libunwind-exceptions --enable-gnu-unique-object --enable-linker-build-id --with-linker-hash-style=gnu --enable-languages=c,c++,objc,obj-c++,java,fortran,ada,go,lto --enable-plugin --enable-initfini-array --disable-libgcj --with-isl=/builddir/build/BUILD/gcc-4.8.5-20150702/obj-x86_64-redhat-linux/isl-install --with-cloog=/builddir/build/BUILD/gcc-4.8.5-20150702/obj-x86_64-redhat-linux/cloog-install --enable-gnu-indirect-function --with-tune=generic --with-arch_32=x86-64 --build=x86_64-redhat-linux
Thread model: posix
gcc version 4.8.5 20150623 (Red Hat 4.8.5-44) (GCC) 
configure:5252: $? = 0
configure:5241: gcc -V >&5
gcc: error: unrecognized command line option '-V'
gcc: fatal error: no input files
compilation terminated.
configure:5252: $? = 4
configure:5241: gcc -qversion >&5
gcc: error: unrecognized command line option '-qversion'
gcc: fatal error: no input files
compilation terminated.
configure:5252: $? = 4
configure:5241: gcc -version >&5
gcc: error: unrecognized command line option '-version'
gcc: fatal error: no input files
compilation terminated.
configure:5252: $? = 4
configure:5256: checking whether the compiler supports GNU C
configure:5276: gcc -c   conftest.c >&5
configure:5276: $? = 0
configure:5286: result: yes
configure:5297: checking whether gcc accepts -g
configure:5318: gcc -c -g  conftest.c >&5
configure:5318: $? = 0
configure:5362: result: yes
configure:5382: checking for gcc option to enable C11 features
configure:5397: gcc  -c -g -O2  conftest.c >&5
conftest.c:63:3: error: #error "Compiler does not advertise C99 conformance"
 # error "Compiler does not advertise C99 conformance"
   ^
conftest.c:118:29: error: expected ';', ',' or ')' before 'text'
 test_restrict (ccp restrict text)
                             ^
conftest.c:167:3: error: #error "Compiler does not advertise C11 conformance"
 # error "Compiler does not advertise C11 conformance"
   ^
conftest.c:198:12: error: 'syntax' undeclared here (not in a function)
 #define u8 syntax error!
            ^
conftest.c:199:29: note: in expansion of macro 'u8'
 char const utf8_literal[] = u8"happens to be ASCII" "another string";
                             ^
conftest.c:198:19: error: expected ',' or ';' before 'error'
 #define u8 syntax error!
                   ^
conftest.c:199:29: note: in expansion of macro 'u8'
 char const utf8_literal[] = u8"happens to be ASCII" "another string";
                             ^
conftest.c: In function 'main':
conftest.c:232:18: error: expected '=', ',', ';', 'asm' or '__attribute__' before 'newvar'
   char *restrict newvar = "Another string";
                  ^
conftest.c:232:18: error: 'newvar' undeclared (first use in this function)
conftest.c:232:18: note: each undeclared identifier is reported only once for each function it appears in
conftest.c:242:3: error: 'for' loop initial declarations are only allowed in C99 mode
   for (int i = 0; i < ia->datasize; ++i)
   ^
conftest.c:242:3: note: use option -std=c99 or -std=gnu99 to compile your code
configure:5397: $? = 1
configure: failed program was:
| /* confdefs.h */
| #define PACKAGE_NAME "GiNaC"
| #define PACKAGE_TARNAME "ginac"
| #define PACKAGE_VERSION "1.8.6"
| #define PACKAGE_STRING "GiNaC 1.8.6"
| #define PACKAGE_BUGREPORT "ginac-list@ginac.de"
| #define PACKAGE_URL "https://www.ginac.de/"
| #define PACKAGE "ginac"
| #define VERSION "1.8.6"
| /* end confdefs.h.  */
| 
| /* Does the compiler advertise C89 conformance?
|    Do not test the value of __STDC__, because some compilers set it to 0
|    while being otherwise adequately conformant. */
| #if !defined __STDC__
| # error "Compiler does not advertise C89 conformance"
| #endif
| 
| #include <stddef.h>
| #include <stdarg.h>
| struct stat;
| /* Most of the following tests are stolen from RCS 5.7 src/conf.sh.  */
| struct buf { int x; };
| struct buf * (*rcsopen) (struct buf *, struct stat *, int);
| static char *e (p, i)
|      char **p;
|      int i;
| {
|   return p[i];
| }
| static char *f (char * (*g) (char **, int), char **p, ...)
| {
|   char *s;
|   va_list v;
|   va_start (v,p);
|   s = g (p, va_arg (v,int));
|   va_end (v);
|   return s;
| }
| 
| /* OSF 4.0 Compaq cc is some sort of almost-ANSI by default.  It has
|    function prototypes and stuff, but not \xHH hex character constants.
|    These do not provoke an error unfortunately, instead are silently treated
|    as an "x".  The following induces an error, until -std is added to get
|    proper ANSI mode.  Curiously \x00 != x always comes out true, for an
|    array size at least.  It is necessary to write \x00 == 0 to get something
|    that is true only with -std.  */
| int osf4_cc_array ['\x00' == 0 ? 1 : -1];
| 
| /* IBM C 6 for AIX is almost-ANSI by default, but it replaces macro parameters
|    inside strings and character constants.  */
| #define FOO(x) 'x'
| int xlc6_cc_array[FOO(a) == 'x' ? 1 : -1];
| 
| int test (int i, double x);
| struct s1 {int (*f) (int a);};
| struct s2 {int (*f) (double a);};
| int pairnames (int, char **, int *(*)(struct buf *, struct stat *, int),
|                int, int);
| 
| // Does the compiler advertise C99 conformance?
| #if !defined __STDC_VERSION__ || __STDC_VERSION__ < 199901L
| # error "Compiler does not advertise C99 conformance"
| #endif
| 
| #include <stdbool.h>
| extern int puts (const char *);
| extern int printf (const char *, ...);
| extern int dprintf (int, const char *, ...);
| extern void *malloc (size_t);
| 
| // Check varargs macros.  These examples are taken from C99 6.10.3.5.
| // dprintf is used instead of fprintf to avoid needing to declare
| // FILE and stderr.
| #define debug(...) dprintf (2, __VA_ARGS__)
| #define showlist(...) puts (#__VA_ARGS__)
| #define report(test,...) ((test) ? puts (#test) : printf (__VA_ARGS__))
| static void
| test_varargs_macros (void)
| {
|   int x = 1234;
|   int y = 5678;
|   debug ("Flag");
|   debug ("X = %d\n", x);
|   showlist (The first, second, and third items.);
|   report (x>y, "x is %d but y is %d", x, y);
| }
| 
| // Check long long types.
| #define BIG64 18446744073709551615ull
| #define BIG32 4294967295ul
| #define BIG_OK (BIG64 / BIG32 == 4294967297ull && BIG64 % BIG32 == 0)
| #if !BIG_OK
|   #error "your preprocessor is broken"
| #endif
| #if BIG_OK
| #else
|   #error "your preprocessor is broken"
| #endif
| static long long int bignum = -9223372036854775807LL;
| static unsigned long long int ubignum = BIG64;
| 
| struct incomplete_array
| {
|   int datasize;
|   double data[];
| };
| 
| struct named_init {
|   int number;
|   const wchar_t *name;
|   double average;
| };
| 
| typedef const char *ccp;
| 
| static inline int
| test_restrict (ccp restrict text)
| {
|   // See if C++-style comments work.
|   // Iterate through items via the restricted pointer.
|   // Also check for declarations in for loops.
|   for (unsigned int i = 0; *(text+i) != '\0'; ++i)
|     continue;
|   return 0;
| }
| 
| // Check varargs and va_copy.
| static bool
| test_varargs (const char *format, ...)
| {
|   va_list args;
|   va_start (args, format);
|   va_list args_copy;
|   va_copy (args_copy, args);
| 
|   const char *str = "";
|   int number = 0;
|   float fnumber = 0;
| 
|   while (*format)
|     {
|       switch (*format++)
| 	{
| 	case 's': // string
| 	  str = va_arg (args_copy, const char *);
| 	  break;
| 	case 'd': // int
| 	  number = va_arg (args_copy, int);
| 	  break;
| 	case 'f': // float
| 	  fnumber = va_arg (args_copy, double);
| 	  break;
| 	default:
| 	  break;
| 	}
|     }
|   va_end (args_copy);
|   va_end (args);
| 
|   return *str && number && fnumber;
| }
| 
| 
| // Does the compiler advertise C11 conformance?
| #if !defined __STDC_VERSION__ || __STDC_VERSION__ < 201112L
| # error "Compiler does not advertise C11 conformance"
| #endif
| 
| // Check _Alignas.
| char _Alignas (double) aligned_as_double;
| char _Alignas (0) no_special_alignment;
| extern char aligned_as_int;
| char _Alignas (0) _Alignas (int) aligned_as_int;
| 
| // Check _Alignof.
| enum
| {
|   int_alignment = _Alignof (int),
|   int_array_alignment = _Alignof (int[100]),
|   char_alignment = _Alignof (char)
| };
| _Static_assert (0 < -_Alignof (int), "_Alignof is signed");
| 
| // Check _Noreturn.
| int _Noreturn does_not_return (void) { for (;;) continue; }
| 
| // Check _Static_assert.
| struct test_static_assert
| {
|   int x;
|   _Static_assert (sizeof (int) <= sizeof (long int),
|                   "_Static_assert does not work in struct");
|   long int y;
| };
| 
| // Check UTF-8 literals.
| #define u8 syntax error!
| char const utf8_literal[] = u8"happens to be ASCII" "another string";
| 
| // Check duplicate typedefs.
| typedef long *long_ptr;
| typedef long int *long_ptr;
| typedef long_ptr long_ptr;
| 
| // Anonymous structures and unions -- taken from C11 6.7.2.1 Example 1.
| struct anonymous
| {
|   union {
|     struct { int i; int j; };
|     struct { int k; long int l; } w;
|   };
|   int m;
| } v1;
| 
| 
| int
| main (int argc, char **argv)
| {
|   int ok = 0;
|   
| ok |= (argc == 0 || f (e, argv, 0) != argv[0] || f (e, argv, 1) != argv[1]);
| 
|   
|   // Check bool.
|   _Bool success = false;
|   success |= (argc != 0);
| 
|   // Check restrict.
|   if (test_restrict ("String literal") == 0)
|     success = true;
|   char *restrict newvar = "Another string";
| 
|   // Check varargs.
|   success &= test_varargs ("s, d' f .", "string", 65, 34.234);
|   test_varargs_macros ();
| 
|   // Check flexible array members.
|   struct incomplete_array *ia =
|     malloc (sizeof (struct incomplete_array) + (sizeof (double) * 10));
|   ia->datasize = 10;
|   for (int i = 0; i < ia->datasize; ++i)
|     ia->data[i] = i * 1.234;
| 
|   // Check named initializers.
|   struct named_init ni = {
|     .number = 34,
|     .name = L"Test wide string",
|     .average = 543.34343,
|   };
| 
|   ni.number = 58;
| 
|   int dynamic_array[ni.number];
|   dynamic_array[0] = argv[0][0];
|   dynamic_array[ni.number - 1] = 543;
| 
|   // work around unused variable warnings
|   ok |= (!success || bignum == 0LL || ubignum == 0uLL || newvar[0] == 'x'
| 	 || dynamic_array[ni.number - 1] != 543);
| 
|   
|   _Static_assert ((offsetof (struct anonymous, i)
| 		   == offsetof (struct anonymous, w.k)),
| 		  "Anonymous union alignment botch");
|   v1.i = 2;
|   v1.w.k = 5;
|   ok |= v1.i != 5;
| 
|   return ok;
| }
| 
configure:5397: gcc -std=gnu11 -c -g -O2  conftest.c >&5
configure:5397: $? = 0
configure:5418: result: -std=gnu11
configure:5531: checking whether gcc -std=gnu11 understands -c and -o together
configure:5554: gcc -std=gnu11 -c conftest.c -o conftest2.o
configure:5557: $? = 0
configure:5554: gcc -std=gnu11 -c conftest.c -o conftest2.o
configure:5557: $? = 0
configure:5569: result: yes
configure:5588: checking dependency style of gcc -std=gnu11
configure:5700: result: gcc3
configure:5715: checking for a sed that does not truncate output
configure:5785: result: /usr/bin/sed
configure:5803: checking for grep that handles long lines and -e
configure:5867: result: /usr/bin/grep
configure:5872: checking for egrep
configure:5940: result: /usr/bin/grep -E
configure:5945: checking for fgrep
configure:6013: result: /usr/bin/grep -F
configure:6049: checking for ld used by gcc -std=gnu11
configure:6117: result: /usr/bin/ld
configure:6124: checking if the linker (/usr/bin/ld) is GNU ld
configure:6140: result: yes
configure:6152: checking for BSD- or MS-compatible name lister (nm)
configure:6207: result: /usr/bin/nm -B
configure:6347: checking the name lister (/usr/bin/nm -B) interface
configure:6355: gcc -std=gnu11 -c -g -O2  conftest.c >&5
configure:6358: /usr/bin/nm -B "conftest.o"
configure:6361: output
0000000000000000 B some_variable
configure:6368: result: BSD nm
configure:6371: checking whether ln -s works
configure:6375: result: yes
configure:6383: checking the maximum length of command line arguments
configure:6515: result: 1572864
configure:6563: checking how to convert x86_64-pc-linux-gnu file names to x86_64-pc-linux-gnu format
configure:6604: result: func_convert_file_noop
configure:6611: checking how to convert x86_64-pc-linux-gnu file names to toolchain format
configure:6632: result: func_convert_file_noop
configure:6639: checking for /usr/bin/ld option to reload object files
configure:6647: result: -r
configure:6726: checking for file
configure:6747: found /usr/bin/file
configure:6758: result: file
configure:6834: checking for objdump
configure:6855: found /usr/bin/objdump
configure:6866: result: objdump
configure:6898: checking how to recognize dependent libraries
configure:7099: result: pass_all
configure:7189: checking for dlltool
configure:7224: result: no
configure:7254: checking how to associate runtime and link libraries
configure:7282: result: printf %s\n
configure:7348: checking for ar
configure:7369: found /usr/bin/ar
configure:7380: result: ar
configure:7433: checking for archiver @FILE support
configure:7451: gcc -std=gnu11 -c -g -O2  conftest.c >&5
configure:7451: $? = 0
configure:7455: ar cr libconftest.a @conftest.lst >&5
configure:7458: $? = 0
configure:7463: ar cr libconftest.a @conftest.lst >&5
ar: conftest.o: No such file or directory
configure:7466: $? = 1
configure:7478: result: @
configure:7541: checking for strip
configure:7562: found /usr/bin/strip
configure:7573: result: strip
configure:7650: checking for ranlib
configure:7671: found /usr/bin/ranlib
configure:7682: result: ranlib
configure:7784: checking command to parse /usr/bin/nm -B output from gcc -std=gnu11 object
configure:7938: gcc -std=gnu11 -c -g -O2  conftest.c >&5
configure:7941: $? = 0
configure:7945: /usr/bin/nm -B conftest.o \| /usr/bin/sed -n -e 's/^.*[ ]\([ABCDGIRSTW][ABCDGIRSTW]*\)[ ][ ]*\([_A-Za-z][_A-Za-z0-9]*\)$/\1 \2 \2/p' | /usr/bin/sed '/ __gnu_lto/d' \> conftest.nm
configure:7948: $? = 0
configure:8014: gcc -std=gnu11 -o conftest -g -O2   conftest.c conftstm.o >&5
configure:8017: $? = 0
configure:8055: result: ok
configure:8102: checking for sysroot
configure:8133: result: no
configure:8140: checking for a working dd
configure:8184: result: /usr/bin/dd
configure:8188: checking how to truncate binary pipes
configure:8204: result: /usr/bin/dd bs=4096 count=1
configure:8341: gcc -std=gnu11 -c -g -O2  conftest.c >&5
configure:8344: $? = 0
configure:8541: checking for mt
configure:8576: result: no
configure:8596: checking if : is a manifest tool
configure:8603: : '-?'
configure:8611: result: no
configure:9336: checking for stdio.h
configure:9336: gcc -std=gnu11 -c -g -O2  conftest.c >&5
configure:9336: $? = 0
configure:9336: result: yes
configure:9336: checking for stdlib.h
configure:9336: gcc -std=gnu11 -c -g -O2  conftest.c >&5
configure:9336: $? = 0
configure:9336: result: yes
configure:9336: checking for string.h
configure:9336: gcc -std=gnu11 -c -g -O2  conftest.c >&5
configure:9336: $? = 0
configure:9336: result: yes
configure:9336: checking for inttypes.h
configure:9336: gcc -std=gnu11 -c -g -O2  conftest.c >&5
configure:9336: $? = 0
configure:9336: result: yes
configure:9336: checking for stdint.h
configure:9336: gcc -std=gnu11 -c -g -O2  conftest.c >&5
configure:9336: $? = 0
configure:9336: result: yes
configure:9336: checking for strings.h
configure:9336: gcc -std=gnu11 -c -g -O2  conftest.c >&5
configure:9336: $? = 0
configure:9336: result: yes
configure:9336: checking for sys/stat.h
configure:9336: gcc -std=gnu11 -c -g -O2  conftest.c >&5
configure:9336: $? = 0
configure:9336: result: yes
configure:9336: checking for sys/types.h
configure:9336: gcc -std=gnu11 -c -g -O2  conftest.c >&5
configure:9336: $? = 0
configure:9336: result: yes
configure:9336: checking for unistd.h
configure:9336: gcc -std=gnu11 -c -g -O2  conftest.c >&5
configure:9336: $? = 0
configure:9336: result: yes
configure:9361: checking for dlfcn.h
configure:9361: gcc -std=gnu11 -c -g -O2  conftest.c >&5
configure:9361: $? = 0
configure:9361: result: yes
configure:9631: checking for objdir
configure:9647: result: .libs
configure:9911: checking if gcc -std=gnu11 supports -fno-rtti -fno-exceptions
configure:9930: gcc -std=gnu11 -c -g -O2  -fno-rtti -fno-exceptions conftest.c >&5
cc1: warning: command line option '-fno-rtti' is valid for C++/ObjC++ but not for C [enabled by default]
configure:9934: $? = 0
configure:9947: result: no
configure:10305: checking for gcc -std=gnu11 option to produce PIC
configure:10313: result: -fPIC -DPIC
configure:10321: checking if gcc -std=gnu11 PIC flag -fPIC -DPIC works
configure:10340: gcc -std=gnu11 -c -g -O2  -fPIC -DPIC -DPIC conftest.c >&5
configure:10344: $? = 0
configure:10357: result: yes
configure:10386: checking if gcc -std=gnu11 static flag -static works
configure:10415: result: no
configure:10430: checking if gcc -std=gnu11 supports -c -o file.o
configure:10452: gcc -std=gnu11 -c -g -O2  -o out/conftest2.o conftest.c >&5
configure:10456: $? = 0
configure:10478: result: yes
configure:10486: checking if gcc -std=gnu11 supports -c -o file.o
configure:10534: result: yes
configure:10567: checking whether the gcc -std=gnu11 linker (/usr/bin/ld -m elf_x86_64) supports shared libraries
configure:11835: result: yes
configure:11872: checking whether -lc should be explicitly linked in
configure:11881: gcc -std=gnu11 -c -g -O2  conftest.c >&5
configure:11884: $? = 0
configure:11899: gcc -std=gnu11 -shared  -fPIC -DPIC conftest.o  -v -Wl,-soname -Wl,conftest -o conftest 2\>\&1 \| /usr/bin/grep  -lc  \>/dev/null 2\>\&1
configure:11902: $? = 0
configure:11916: result: no
configure:12076: checking dynamic linker characteristics
configure:12658: gcc -std=gnu11 -o conftest -g -O2   -Wl,-rpath -Wl,/foo conftest.c  >&5
configure:12658: $? = 0
configure:12897: result: GNU/Linux ld.so
configure:13019: checking how to hardcode library paths into programs
configure:13044: result: immediate
configure:13596: checking whether stripping libraries is possible
configure:13605: result: yes
configure:13647: checking if libtool supports shared libraries
configure:13649: result: yes
configure:13652: checking whether to build shared libraries
configure:13677: result: yes
configure:13680: checking whether to build static libraries
configure:13684: result: yes
configure:13707: checking how to run the C++ preprocessor
configure:13771: result: g++ -std=gnu++11 -E
configure:13785: g++ -std=gnu++11 -E  conftest.cpp
configure:13785: $? = 0
configure:13800: g++ -std=gnu++11 -E  conftest.cpp
conftest.cpp:23:28: fatal error: ac_nonexistent.h: No such file or directory
 #include <ac_nonexistent.h>
                            ^
compilation terminated.
configure:13800: $? = 1
configure: failed program was:
| /* confdefs.h */
| #define PACKAGE_NAME "GiNaC"
| #define PACKAGE_TARNAME "ginac"
| #define PACKAGE_VERSION "1.8.6"
| #define PACKAGE_STRING "GiNaC 1.8.6"
| #define PACKAGE_BUGREPORT "ginac-list@ginac.de"
| #define PACKAGE_URL "https://www.ginac.de/"
| #define PACKAGE "ginac"
| #define VERSION "1.8.6"
| #define HAVE_STDIO_H 1
| #define HAVE_STDLIB_H 1
| #define HAVE_STRING_H 1
| #define HAVE_INTTYPES_H 1
| #define HAVE_STDINT_H 1
| #define HAVE_STRINGS_H 1
| #define HAVE_SYS_STAT_H 1
| #define HAVE_SYS_TYPES_H 1
| #define HAVE_UNISTD_H 1
| #define STDC_HEADERS 1
| #define HAVE_DLFCN_H 1
| #define LT_OBJDIR ".libs/"
| /* end confdefs.h.  */
| #include <ac_nonexistent.h>
configure:13965: checking for ld used by g++ -std=gnu++11
configure:14033: result: /usr/bin/ld -m elf_x86_64
configure:14040: checking if the linker (/usr/bin/ld -m elf_x86_64) is GNU ld
configure:14056: result: yes
configure:14111: checking whether the g++ -std=gnu++11 linker (/usr/bin/ld -m elf_x86_64) supports shared libraries
configure:15189: result: yes
configure:15225: g++ -std=gnu++11 -c -g -O2  conftest.cpp >&5
configure:15228: $? = 0
configure:15709: checking for g++ -std=gnu++11 option to produce PIC
configure:15717: result: -fPIC -DPIC
configure:15725: checking if g++ -std=gnu++11 PIC flag -fPIC -DPIC works
configure:15744: g++ -std=gnu++11 -c -g -O2  -fPIC -DPIC -DPIC conftest.cpp >&5
configure:15748: $? = 0
configure:15761: result: yes
configure:15784: checking if g++ -std=gnu++11 static flag -static works
configure:15813: result: no
configure:15825: checking if g++ -std=gnu++11 supports -c -o file.o
configure:15847: g++ -std=gnu++11 -c -g -O2  -o out/conftest2.o conftest.cpp >&5
configure:15851: $? = 0
configure:15873: result: yes
configure:15878: checking if g++ -std=gnu++11 supports -c -o file.o
configure:15926: result: yes
configure:15956: checking whether the g++ -std=gnu++11 linker (/usr/bin/ld -m elf_x86_64) supports shared libraries
configure:15996: result: yes
configure:16138: checking dynamic linker characteristics
configure:16886: result: GNU/Linux ld.so
configure:16951: checking how to hardcode library paths into programs
configure:16976: result: immediate
configure:17041: checking for flex
configure:17062: found /usr/bin/flex
configure:17073: result: flex
configure:17122: checking for lex output file root
configure:17135: flex conftest.l
configure:17139: $? = 0
configure:17147: result: lex.yy
configure:17162: checking for lex library
configure:17187: gcc -std=gnu11 -o conftest -g -O2   conftest.c  >&5
configure:17187: $? = 0
configure:17200: result: none needed
configure:17230: checking for library containing yywrap
configure:17260: gcc -std=gnu11 -o conftest -g -O2   conftest.c  >&5
/tmp/cc82h7wo.o: In function `main':
/oak/stanford/orgs/kipac/users/xinshuo/F4_3loop/ginac-1.8.6/conftest.c:31: undefined reference to `yywrap'
collect2: error: ld returned 1 exit status
configure:17260: $? = 1
configure: failed program was:
| /* confdefs.h */
| #define PACKAGE_NAME "GiNaC"
| #define PACKAGE_TARNAME "ginac"
| #define PACKAGE_VERSION "1.8.6"
| #define PACKAGE_STRING "GiNaC 1.8.6"
| #define PACKAGE_BUGREPORT "ginac-list@ginac.de"
| #define PACKAGE_URL "https://www.ginac.de/"
| #define PACKAGE "ginac"
| #define VERSION "1.8.6"
| #define HAVE_STDIO_H 1
| #define HAVE_STDLIB_H 1
| #define HAVE_STRING_H 1
| #define HAVE_INTTYPES_H 1
| #define HAVE_STDINT_H 1
| #define HAVE_STRINGS_H 1
| #define HAVE_SYS_STAT_H 1
| #define HAVE_SYS_TYPES_H 1
| #define HAVE_UNISTD_H 1
| #define STDC_HEADERS 1
| #define HAVE_DLFCN_H 1
| #define LT_OBJDIR ".libs/"
| /* end confdefs.h.  */
| 
| /* Override any GCC internal prototype to avoid an error.
|    Use char because int might match the return type of a GCC
|    builtin and then its argument prototype would still apply.  */
| char yywrap ();
| int
| main (void)
| {
| return yywrap ();
|   ;
|   return 0;
| }
configure:17260: gcc -std=gnu11 -o conftest -g -O2   conftest.c -lfl   >&5
/usr/bin/ld: cannot find -lfl
collect2: error: ld returned 1 exit status
configure:17260: $? = 1
configure: failed program was:
| /* confdefs.h */
| #define PACKAGE_NAME "GiNaC"
| #define PACKAGE_TARNAME "ginac"
| #define PACKAGE_VERSION "1.8.6"
| #define PACKAGE_STRING "GiNaC 1.8.6"
| #define PACKAGE_BUGREPORT "ginac-list@ginac.de"
| #define PACKAGE_URL "https://www.ginac.de/"
| #define PACKAGE "ginac"
| #define VERSION "1.8.6"
| #define HAVE_STDIO_H 1
| #define HAVE_STDLIB_H 1
| #define HAVE_STRING_H 1
| #define HAVE_INTTYPES_H 1
| #define HAVE_STDINT_H 1
| #define HAVE_STRINGS_H 1
| #define HAVE_SYS_STAT_H 1
| #define HAVE_SYS_TYPES_H 1
| #define HAVE_UNISTD_H 1
| #define STDC_HEADERS 1
| #define HAVE_DLFCN_H 1
| #define LT_OBJDIR ".libs/"
| /* end confdefs.h.  */
| 
| /* Override any GCC internal prototype to avoid an error.
|    Use char because int might match the return type of a GCC
|    builtin and then its argument prototype would still apply.  */
| char yywrap ();
| int
| main (void)
| {
| return yywrap ();
|   ;
|   return 0;
| }
configure:17260: gcc -std=gnu11 -o conftest -g -O2   conftest.c -ll   >&5
/usr/bin/ld: cannot find -ll
collect2: error: ld returned 1 exit status
configure:17260: $? = 1
configure: failed program was:
| /* confdefs.h */
| #define PACKAGE_NAME "GiNaC"
| #define PACKAGE_TARNAME "ginac"
| #define PACKAGE_VERSION "1.8.6"
| #define PACKAGE_STRING "GiNaC 1.8.6"
| #define PACKAGE_BUGREPORT "ginac-list@ginac.de"
| #define PACKAGE_URL "https://www.ginac.de/"
| #define PACKAGE "ginac"
| #define VERSION "1.8.6"
| #define HAVE_STDIO_H 1
| #define HAVE_STDLIB_H 1
| #define HAVE_STRING_H 1
| #define HAVE_INTTYPES_H 1
| #define HAVE_STDINT_H 1
| #define HAVE_STRINGS_H 1
| #define HAVE_SYS_STAT_H 1
| #define HAVE_SYS_TYPES_H 1
| #define HAVE_UNISTD_H 1
| #define STDC_HEADERS 1
| #define HAVE_DLFCN_H 1
| #define LT_OBJDIR ".libs/"
| /* end confdefs.h.  */
| 
| /* Override any GCC internal prototype to avoid an error.
|    Use char because int might match the return type of a GCC
|    builtin and then its argument prototype would still apply.  */
| char yywrap ();
| int
| main (void)
| {
| return yywrap ();
|   ;
|   return 0;
| }
configure:17280: result: no
configure:17291: WARNING: yywrap not found; giving up on flex
configure:17342: checking for bison
configure:17363: found /usr/bin/bison
configure:17374: result: bison -y
configure:17388: checking for bison
configure:17411: found /usr/bin/bison
configure:17424: result: /usr/bin/bison
configure:17463: checking whether g++ -std=gnu++11 supports C++11 features by default
configure:17764: g++ -std=gnu++11 -c -g -O2  conftest.cpp >&5
configure:17764: $? = 0
configure:17772: result: yes
configure:18524: checking for pkg-config
configure:18547: found /usr/bin/pkg-config
configure:18559: result: /usr/bin/pkg-config
configure:18584: checking pkg-config is at least version 0.9.0
configure:18587: result: yes
configure:18597: checking for cln >= 1.2.2
configure:18604: $PKG_CONFIG --exists --print-errors "cln >= 1.2.2"
configure:18607: $? = 0
configure:18621: $PKG_CONFIG --exists --print-errors "cln >= 1.2.2"
configure:18624: $? = 0
configure:18682: result: yes
configure:18710: checking for ld
configure:18841: result: /usr/bin/ld -m elf_x86_64
configure:18848: checking if the linker (/usr/bin/ld -m elf_x86_64) is GNU ld
configure:18864: result: yes
configure:18872: checking for shared library run path origin
configure:18886: result: done
configure:18908: checking 32-bit host C ABI
configure:18975: g++ -std=gnu++11 -c -g -O2  conftest.cpp >&5
configure:18975: $? = 0
configure:19171: result: no
configure:19181: checking for ELF binary format
configure:19205: result: yes
configure:19257: checking for the common suffixes of directories in the library search path
configure:19326: result: lib,lib,lib64
configure:19460: checking for unistd.h
configure:19460: result: yes
configure:19467: checking whether struct rusage is declared in <sys/resource.h>
configure:19487: g++ -std=gnu++11 -c -g -O2  -I/home/users/xinshuo/cln_install/include   conftest.cpp >&5
configure:19487: $? = 0
configure:19496: result: yes
configure:19511: checking for tgetent
configure:19511: g++ -std=gnu++11 -o conftest -g -O2  -I/home/users/xinshuo/cln_install/include    conftest.cpp  -L/home/users/xinshuo/cln_install/lib -lcln   -Wl,-rpath -Wl,/home/users/xinshuo/cln_install/lib >&5
/tmp/cclLOGVS.o: In function `main':
/oak/stanford/orgs/kipac/users/xinshuo/F4_3loop/ginac-1.8.6/conftest.cpp:53: undefined reference to `tgetent'
collect2: error: ld returned 1 exit status
configure:19511: $? = 1
configure: failed program was:
| /* confdefs.h */
| #define PACKAGE_NAME "GiNaC"
| #define PACKAGE_TARNAME "ginac"
| #define PACKAGE_VERSION "1.8.6"
| #define PACKAGE_STRING "GiNaC 1.8.6"
| #define PACKAGE_BUGREPORT "ginac-list@ginac.de"
| #define PACKAGE_URL "https://www.ginac.de/"
| #define PACKAGE "ginac"
| #define VERSION "1.8.6"
| #define HAVE_STDIO_H 1
| #define HAVE_STDLIB_H 1
| #define HAVE_STRING_H 1
| #define HAVE_INTTYPES_H 1
| #define HAVE_STDINT_H 1
| #define HAVE_STRINGS_H 1
| #define HAVE_SYS_STAT_H 1
| #define HAVE_SYS_TYPES_H 1
| #define HAVE_UNISTD_H 1
| #define STDC_HEADERS 1
| #define HAVE_DLFCN_H 1
| #define LT_OBJDIR ".libs/"
| #define HAVE_CXX11 1
| #define HAVE_UNISTD_H 1
| #define HAVE_RUSAGE /**/
| /* end confdefs.h.  */
| /* Define tgetent to an innocuous variant, in case <limits.h> declares tgetent.
|    For example, HP-UX 11i <limits.h> declares gettimeofday.  */
| #define tgetent innocuous_tgetent
| 
| /* System header to define __stub macros and hopefully few prototypes,
|    which can conflict with char tgetent (); below.  */
| 
| #include <limits.h>
| #undef tgetent
| 
| /* Override any GCC internal prototype to avoid an error.
|    Use char because int might match the return type of a GCC
|    builtin and then its argument prototype would still apply.  */
| #ifdef __cplusplus
| extern "C"
| #endif
| char tgetent ();
| /* The GNU C library defines this for functions which it implements
|     to always fail with ENOSYS.  Some functions are actually named
|     something starting with __ and the normal name is an alias.  */
| #if defined __stub_tgetent || defined __stub___tgetent
| choke me
| #endif
| 
| int
| main (void)
| {
| return tgetent ();
|   ;
|   return 0;
| }
configure:19511: result: no
configure:19521: checking for tgetent in -lncurses
configure:19543: g++ -std=gnu++11 -o conftest -g -O2  -I/home/users/xinshuo/cln_install/include    conftest.cpp -lncurses   -L/home/users/xinshuo/cln_install/lib -lcln   -Wl,-rpath -Wl,/home/users/xinshuo/cln_install/lib >&5
/usr/bin/ld: /tmp/ccrr5Px3.o: undefined reference to symbol 'tgetent'
/share/software/user/open/ncurses/6.4/lib/libtinfo.so.6: error adding symbols: DSO missing from command line
collect2: error: ld returned 1 exit status
configure:19543: $? = 1
configure: failed program was:
| /* confdefs.h */
| #define PACKAGE_NAME "GiNaC"
| #define PACKAGE_TARNAME "ginac"
| #define PACKAGE_VERSION "1.8.6"
| #define PACKAGE_STRING "GiNaC 1.8.6"
| #define PACKAGE_BUGREPORT "ginac-list@ginac.de"
| #define PACKAGE_URL "https://www.ginac.de/"
| #define PACKAGE "ginac"
| #define VERSION "1.8.6"
| #define HAVE_STDIO_H 1
| #define HAVE_STDLIB_H 1
| #define HAVE_STRING_H 1
| #define HAVE_INTTYPES_H 1
| #define HAVE_STDINT_H 1
| #define HAVE_STRINGS_H 1
| #define HAVE_SYS_STAT_H 1
| #define HAVE_SYS_TYPES_H 1
| #define HAVE_UNISTD_H 1
| #define STDC_HEADERS 1
| #define HAVE_DLFCN_H 1
| #define LT_OBJDIR ".libs/"
| #define HAVE_CXX11 1
| #define HAVE_UNISTD_H 1
| #define HAVE_RUSAGE /**/
| /* end confdefs.h.  */
| 
| namespace conftest {
|   extern "C" int tgetent ();
| }
| int
| main (void)
| {
| return conftest::tgetent ();
|   ;
|   return 0;
| }
configure:19553: result: no
configure:19561: checking for tgetent in -ltermcap
configure:19583: g++ -std=gnu++11 -o conftest -g -O2  -I/home/users/xinshuo/cln_install/include    conftest.cpp -ltermcap   -L/home/users/xinshuo/cln_install/lib -lcln   -Wl,-rpath -Wl,/home/users/xinshuo/cln_install/lib >&5
/usr/bin/ld: cannot find -ltermcap
collect2: error: ld returned 1 exit status
configure:19583: $? = 1
configure: failed program was:
| /* confdefs.h */
| #define PACKAGE_NAME "GiNaC"
| #define PACKAGE_TARNAME "ginac"
| #define PACKAGE_VERSION "1.8.6"
| #define PACKAGE_STRING "GiNaC 1.8.6"
| #define PACKAGE_BUGREPORT "ginac-list@ginac.de"
| #define PACKAGE_URL "https://www.ginac.de/"
| #define PACKAGE "ginac"
| #define VERSION "1.8.6"
| #define HAVE_STDIO_H 1
| #define HAVE_STDLIB_H 1
| #define HAVE_STRING_H 1
| #define HAVE_INTTYPES_H 1
| #define HAVE_STDINT_H 1
| #define HAVE_STRINGS_H 1
| #define HAVE_SYS_STAT_H 1
| #define HAVE_SYS_TYPES_H 1
| #define HAVE_UNISTD_H 1
| #define STDC_HEADERS 1
| #define HAVE_DLFCN_H 1
| #define LT_OBJDIR ".libs/"
| #define HAVE_CXX11 1
| #define HAVE_UNISTD_H 1
| #define HAVE_RUSAGE /**/
| /* end confdefs.h.  */
| 
| namespace conftest {
|   extern "C" int tgetent ();
| }
| int
| main (void)
| {
| return conftest::tgetent ();
|   ;
|   return 0;
| }
configure:19593: result: no
configure:19609: checking for readline/readline.h
configure:19609: g++ -std=gnu++11 -c -g -O2  -I/home/users/xinshuo/cln_install/include   conftest.cpp >&5
configure:19609: $? = 0
configure:19609: result: yes
configure:19615: checking for readline/history.h
configure:19615: g++ -std=gnu++11 -c -g -O2  -I/home/users/xinshuo/cln_install/include   conftest.cpp >&5
configure:19615: $? = 0
configure:19615: result: yes
configure:19629: checking for version of libreadline
configure:19653: g++ -std=gnu++11 -c -g -O2  -I/home/users/xinshuo/cln_install/include   conftest.cpp >&5
configure:19653: $? = 0
configure:19659: result: yes
configure:19670: checking for readline in -lreadline
configure:19692: g++ -std=gnu++11 -o conftest -g -O2  -I/home/users/xinshuo/cln_install/include    conftest.cpp -lreadline    -L/home/users/xinshuo/cln_install/lib -lcln   -Wl,-rpath -Wl,/home/users/xinshuo/cln_install/lib >&5
configure:19692: $? = 0
configure:19702: result: yes
configure:19760: checking for a Python interpreter with version >= 2.7
configure:19778: python -c import sys # split strings by '.' and convert to numeric. Append some zeros # because we need at least 4 digits for the hex conversion. # map returns an iterator in Python 3.0 and a list in 2.x minver = list(map(int, '2.7'.split('.'))) + [0, 0, 0] minverhex = 0 # xrange is not present in Python 3.0 and range returns an iterator for i in list(range(0, 4)): minverhex = (minverhex << 8) + minver[i] sys.exit(sys.hexversion < minverhex)
configure:19781: $? = 0
configure:19788: result: python
configure:19796: checking for python
configure:19819: found /usr/bin/python
configure:19831: result: /usr/bin/python
configure:19848: checking for python version
configure:19856: result: 2.7
configure:19861: checking for python platform
configure:19869: result: linux2
configure:19930: checking for GNU default python prefix
configure:19932: result: ${prefix}
configure:19998: checking for GNU default python exec_prefix
configure:20000: result: ${exec_prefix}
configure:20031: checking for python script directory (pythondir)
configure:20073: result: ${PYTHON_PREFIX}/lib/python2.7/site-packages
configure:20081: checking for python extension module directory (pyexecdir)
configure:20123: result: ${PYTHON_EXEC_PREFIX}/lib64/python2.7/site-packages
configure:20159: checking for dlfcn.h
configure:20159: result: yes
configure:20178: checking for dlopen in -ldl
configure:20200: g++ -std=gnu++11 -o conftest -g -O2  -I/home/users/xinshuo/cln_install/include    conftest.cpp -ldl   -L/home/users/xinshuo/cln_install/lib -lcln   -Wl,-rpath -Wl,/home/users/xinshuo/cln_install/lib >&5
configure:20200: $? = 0
configure:20210: result: yes
configure:20249: checking for doxygen
configure:20288: result: no
configure:20303: checking for latex
configure:20326: found /oak/stanford/orgs/kipac/users/xinshuo/texlive2024/bin/x86_64-linux/latex
configure:20339: result: /oak/stanford/orgs/kipac/users/xinshuo/texlive2024/bin/x86_64-linux/latex
configure:20349: checking for pdflatex
configure:20372: found /oak/stanford/orgs/kipac/users/xinshuo/texlive2024/bin/x86_64-linux/pdflatex
configure:20385: result: /oak/stanford/orgs/kipac/users/xinshuo/texlive2024/bin/x86_64-linux/pdflatex
configure:20395: checking for makeindex
configure:20418: found /oak/stanford/orgs/kipac/users/xinshuo/texlive2024/bin/x86_64-linux/makeindex
configure:20431: result: /oak/stanford/orgs/kipac/users/xinshuo/texlive2024/bin/x86_64-linux/makeindex
configure:20441: checking for makeinfo
configure:20480: result: no
configure:20487: checking for dvips
configure:20510: found /oak/stanford/orgs/kipac/users/xinshuo/texlive2024/bin/x86_64-linux/dvips
configure:20523: result: /oak/stanford/orgs/kipac/users/xinshuo/texlive2024/bin/x86_64-linux/dvips
configure:20541: checking for fig2dev
configure:20580: result: no
configure:20729: checking that generated files are newer than configure
configure:20735: result: done
configure:20778: creating ./config.status

## ---------------------- ##
## Running config.status. ##
## ---------------------- ##

This file was extended by GiNaC config.status 1.8.6, which was
generated by GNU Autoconf 2.71.  Invocation command line was

  CONFIG_FILES    = 
  CONFIG_HEADERS  = 
  CONFIG_LINKS    = 
  CONFIG_COMMANDS = 
  $ ./config.status 

on sh04-14n15.int

config.status:1214: creating Makefile
config.status:1214: creating GiNaC.spec
config.status:1214: creating ginac.pc
config.status:1214: creating ginac/Makefile
config.status:1214: creating check/Makefile
config.status:1214: creating ginsh/Makefile
config.status:1214: creating ginsh/ginsh.1
config.status:1214: creating tools/Makefile
config.status:1214: creating tools/viewgar.1
config.status:1214: creating tools/ginac-excompiler
config.status:1214: creating doc/Makefile
config.status:1214: creating doc/examples/Makefile
config.status:1214: creating doc/tutorial/Makefile
config.status:1214: creating doc/reference/Makefile
config.status:1214: creating doc/reference/DoxyfileHTML
config.status:1214: creating doc/reference/DoxyfileTEX
config.status:1214: creating doc/reference/DoxyfilePDF
config.status:1214: creating doc/reference/Doxyfooter
config.status:1214: creating config/config.h
config.status:1443: executing depfiles commands
config.status:1520: cd ginac       && sed -e '/# am--include-marker/d' Makefile         | make -f - am--depfiles
make: Nothing to be done for `am--depfiles'.
config.status:1525: $? = 0
config.status:1520: cd check       && sed -e '/# am--include-marker/d' Makefile         | make -f - am--depfiles
make: Nothing to be done for `am--depfiles'.
config.status:1525: $? = 0
config.status:1520: cd ginsh       && sed -e '/# am--include-marker/d' Makefile         | make -f - am--depfiles
make: Nothing to be done for `am--depfiles'.
config.status:1525: $? = 0
config.status:1520: cd tools       && sed -e '/# am--include-marker/d' Makefile         | make -f - am--depfiles
make: Nothing to be done for `am--depfiles'.
config.status:1525: $? = 0
config.status:1520: cd doc/examples       && sed -e '/# am--include-marker/d' Makefile         | make -f - am--depfiles
make: Nothing to be done for `am--depfiles'.
config.status:1525: $? = 0
config.status:1443: executing libtool commands

## ---------------- ##
## Cache variables. ##
## ---------------- ##

ac_cv_build=x86_64-pc-linux-gnu
ac_cv_c_compiler_gnu=yes
ac_cv_cxx_compiler_gnu=yes
ac_cv_env_CCC_set=
ac_cv_env_CCC_value=
ac_cv_env_CC_set=
ac_cv_env_CC_value=
ac_cv_env_CFLAGS_set=
ac_cv_env_CFLAGS_value=
ac_cv_env_CLN_CFLAGS_set=
ac_cv_env_CLN_CFLAGS_value=
ac_cv_env_CLN_LIBS_set=
ac_cv_env_CLN_LIBS_value=
ac_cv_env_CPPFLAGS_set=
ac_cv_env_CPPFLAGS_value=
ac_cv_env_CXXCPP_set=
ac_cv_env_CXXCPP_value=
ac_cv_env_CXXFLAGS_set=
ac_cv_env_CXXFLAGS_value=
ac_cv_env_CXX_set=
ac_cv_env_CXX_value=
ac_cv_env_LDFLAGS_set=
ac_cv_env_LDFLAGS_value=
ac_cv_env_LIBS_set=
ac_cv_env_LIBS_value=
ac_cv_env_LT_SYS_LIBRARY_PATH_set=
ac_cv_env_LT_SYS_LIBRARY_PATH_value=
ac_cv_env_PKG_CONFIG_LIBDIR_set=
ac_cv_env_PKG_CONFIG_LIBDIR_value=
ac_cv_env_PKG_CONFIG_PATH_set=set
ac_cv_env_PKG_CONFIG_PATH_value=/share/software/user/open/readline/8.2/lib/pkgconfig:/share/software/user/open/ncurses/6.4/lib/pkgconfig:/home/users/xinshuo/cln_install/lib/pkgconfig
ac_cv_env_PKG_CONFIG_set=
ac_cv_env_PKG_CONFIG_value=
ac_cv_env_PYTHON_set=
ac_cv_env_PYTHON_value=
ac_cv_env_YACC_set=
ac_cv_env_YACC_value=
ac_cv_env_YFLAGS_set=
ac_cv_env_YFLAGS_value=
ac_cv_env_build_alias_set=
ac_cv_env_build_alias_value=
ac_cv_env_host_alias_set=
ac_cv_env_host_alias_value=
ac_cv_env_target_alias_set=
ac_cv_env_target_alias_value=
ac_cv_func_tgetent=no
ac_cv_have_rusage=yes
ac_cv_header_dlfcn_h=yes
ac_cv_header_inttypes_h=yes
ac_cv_header_readline_history_h=yes
ac_cv_header_readline_readline_h=yes
ac_cv_header_stdint_h=yes
ac_cv_header_stdio_h=yes
ac_cv_header_stdlib_h=yes
ac_cv_header_string_h=yes
ac_cv_header_strings_h=yes
ac_cv_header_sys_stat_h=yes
ac_cv_header_sys_types_h=yes
ac_cv_header_unistd_h=yes
ac_cv_host=x86_64-pc-linux-gnu
ac_cv_lib_dl_dlopen=yes
ac_cv_lib_lex='none needed'
ac_cv_lib_ncurses_tgetent=no
ac_cv_lib_readline_readline=yes
ac_cv_lib_termcap_tgetent=no
ac_cv_objext=o
ac_cv_path_DOXYGEN=
ac_cv_path_DVIPS=/oak/stanford/orgs/kipac/users/xinshuo/texlive2024/bin/x86_64-linux/dvips
ac_cv_path_EGREP='/usr/bin/grep -E'
ac_cv_path_FGREP='/usr/bin/grep -F'
ac_cv_path_FIG2DEV=
ac_cv_path_GREP=/usr/bin/grep
ac_cv_path_LATEX=/oak/stanford/orgs/kipac/users/xinshuo/texlive2024/bin/x86_64-linux/latex
ac_cv_path_MAKEINDEX=/oak/stanford/orgs/kipac/users/xinshuo/texlive2024/bin/x86_64-linux/makeindex
ac_cv_path_MAKEINFO=
ac_cv_path_PDFLATEX=/oak/stanford/orgs/kipac/users/xinshuo/texlive2024/bin/x86_64-linux/pdflatex
ac_cv_path_PYTHON=/usr/bin/python
ac_cv_path_SED=/usr/bin/sed
ac_cv_path_YACCEXE=/usr/bin/bison
ac_cv_path_ac_pt_PKG_CONFIG=/usr/bin/pkg-config
ac_cv_path_install='/usr/bin/install -c'
ac_cv_path_lt_DD=/usr/bin/dd
ac_cv_path_mkdir=/usr/bin/mkdir
ac_cv_prog_AWK=gawk
ac_cv_prog_CXXCPP='g++ -std=gnu++11 -E'
ac_cv_prog_LEX=flex
ac_cv_prog_YACC='bison -y'
ac_cv_prog_ac_ct_AR=ar
ac_cv_prog_ac_ct_CC=gcc
ac_cv_prog_ac_ct_CXX=g++
ac_cv_prog_ac_ct_FILECMD=file
ac_cv_prog_ac_ct_OBJDUMP=objdump
ac_cv_prog_ac_ct_RANLIB=ranlib
ac_cv_prog_ac_ct_STRIP=strip
ac_cv_prog_cc_c11=-std=gnu11
ac_cv_prog_cc_g=yes
ac_cv_prog_cc_stdc=-std=gnu11
ac_cv_prog_cxx_cxx11=-std=gnu++11
ac_cv_prog_cxx_g=yes
ac_cv_prog_cxx_stdcxx=-std=gnu++11
ac_cv_prog_lex_root=lex.yy
ac_cv_prog_make_make_set=yes
ac_cv_search_yywrap=no
acl_cv_hardcode_direct=no
acl_cv_hardcode_libdir_flag_spec='${wl}-rpath ${wl}$libdir'
acl_cv_hardcode_libdir_separator=
acl_cv_hardcode_minus_L=no
acl_cv_libdirstems=lib,lib,lib64
acl_cv_libext=a
acl_cv_libname_spec='lib$name'
acl_cv_library_names_spec='$libname$shrext'
acl_cv_prog_gnu_ld=yes
acl_cv_rpath=done
acl_cv_shlibext=so
acl_cv_wl=-Wl,
am_cv_CC_dependencies_compiler_type=gcc3
am_cv_CXX_dependencies_compiler_type=gcc3
am_cv_make_support_nested_variables=yes
am_cv_pathless_PYTHON=python
am_cv_prog_cc_c_o=yes
am_cv_python_platform=linux2
am_cv_python_pyexecdir='${PYTHON_EXEC_PREFIX}/lib64/python2.7/site-packages'
am_cv_python_pythondir='${PYTHON_PREFIX}/lib/python2.7/site-packages'
am_cv_python_version=2.7
ax_cv_cxx_compile_cxx11=yes
ginac_cv_rl_supported=yes
gl_cv_elf=yes
gl_cv_host_cpu_c_abi_32bit=no
lt_cv_ar_at_file=@
lt_cv_archive_cmds_need_lc=no
lt_cv_deplibs_check_method=pass_all
lt_cv_file_magic_cmd='$MAGIC_CMD'
lt_cv_file_magic_test_file=
lt_cv_ld_reload_flag=-r
lt_cv_nm_interface='BSD nm'
lt_cv_objdir=.libs
lt_cv_path_LD=/usr/bin/ld
lt_cv_path_LDCXX='/usr/bin/ld -m elf_x86_64'
lt_cv_path_NM='/usr/bin/nm -B'
lt_cv_path_mainfest_tool=no
lt_cv_prog_compiler_c_o=yes
lt_cv_prog_compiler_c_o_CXX=yes
lt_cv_prog_compiler_pic='-fPIC -DPIC'
lt_cv_prog_compiler_pic_CXX='-fPIC -DPIC'
lt_cv_prog_compiler_pic_works=yes
lt_cv_prog_compiler_pic_works_CXX=yes
lt_cv_prog_compiler_rtti_exceptions=no
lt_cv_prog_compiler_static_works=no
lt_cv_prog_compiler_static_works_CXX=no
lt_cv_prog_gnu_ld=yes
lt_cv_prog_gnu_ldcxx=yes
lt_cv_sharedlib_from_linklib_cmd='printf %s\n'
lt_cv_shlibpath_overrides_runpath=no
lt_cv_sys_global_symbol_pipe='/usr/bin/sed -n -e '\''s/^.*[	 ]\([ABCDGIRSTW][ABCDGIRSTW]*\)[	 ][	 ]*\([_A-Za-z][_A-Za-z0-9]*\)$/\1 \2 \2/p'\'' | /usr/bin/sed '\''/ __gnu_lto/d'\'''
lt_cv_sys_global_symbol_to_c_name_address='/usr/bin/sed -n -e '\''s/^: \(.*\) .*$/  {"\1", (void *) 0},/p'\'' -e '\''s/^[ABCDGIRSTW][ABCDGIRSTW]* .* \(.*\)$/  {"\1", (void *) \&\1},/p'\'''
lt_cv_sys_global_symbol_to_c_name_address_lib_prefix='/usr/bin/sed -n -e '\''s/^: \(.*\) .*$/  {"\1", (void *) 0},/p'\'' -e '\''s/^[ABCDGIRSTW][ABCDGIRSTW]* .* \(lib.*\)$/  {"\1", (void *) \&\1},/p'\'' -e '\''s/^[ABCDGIRSTW][ABCDGIRSTW]* .* \(.*\)$/  {"lib\1", (void *) \&\1},/p'\'''
lt_cv_sys_global_symbol_to_cdecl='/usr/bin/sed -n -e '\''s/^T .* \(.*\)$/extern int \1();/p'\'' -e '\''s/^[ABCDGIRSTW][ABCDGIRSTW]* .* \(.*\)$/extern char \1;/p'\'''
lt_cv_sys_global_symbol_to_import=
lt_cv_sys_max_cmd_len=1572864
lt_cv_to_host_file_cmd=func_convert_file_noop
lt_cv_to_tool_file_cmd=func_convert_file_noop
lt_cv_truncate_bin='/usr/bin/dd bs=4096 count=1'
pkg_cv_CLN_CFLAGS='-I/home/users/xinshuo/cln_install/include  '
pkg_cv_CLN_LIBS='-L/home/users/xinshuo/cln_install/lib -lcln  '

## ----------------- ##
## Output variables. ##
## ----------------- ##

ACLOCAL='${SHELL} '\''/oak/stanford/orgs/kipac/users/xinshuo/F4_3loop/ginac-1.8.6/config/missing'\'' aclocal-1.16'
AMDEPBACKSLASH='\'
AMDEP_FALSE='#'
AMDEP_TRUE=''
AMTAR='$${TAR-tar}'
AM_BACKSLASH='\'
AM_DEFAULT_V='$(AM_DEFAULT_VERBOSITY)'
AM_DEFAULT_VERBOSITY='1'
AM_V='$(V)'
AR='ar'
AUTOCONF='${SHELL} '\''/oak/stanford/orgs/kipac/users/xinshuo/F4_3loop/ginac-1.8.6/config/missing'\'' autoconf'
AUTOHEADER='${SHELL} '\''/oak/stanford/orgs/kipac/users/xinshuo/F4_3loop/ginac-1.8.6/config/missing'\'' autoheader'
AUTOMAKE='${SHELL} '\''/oak/stanford/orgs/kipac/users/xinshuo/F4_3loop/ginac-1.8.6/config/missing'\'' automake-1.16'
AWK='gawk'
CC='gcc -std=gnu11'
CCDEPMODE='depmode=gcc3'
CFLAGS='-g -O2'
CLN_CFLAGS='-I/home/users/xinshuo/cln_install/include  '
CLN_LIBS='-L/home/users/xinshuo/cln_install/lib -lcln  '
CLN_RPATH='-Wl,-rpath -Wl,/home/users/xinshuo/cln_install/lib'
CONFIG_DOXYGEN_FALSE=''
CONFIG_DOXYGEN_TRUE='#'
CONFIG_EXCOMPILER='yes'
CONFIG_EXCOMPILER_FALSE='#'
CONFIG_EXCOMPILER_TRUE=''
CONFIG_FIG2DEV_FALSE=''
CONFIG_FIG2DEV_TRUE='#'
CONFIG_RUSAGE='yes'
CONFIG_TEX_FALSE='#'
CONFIG_TEX_TRUE=''
CPPFLAGS=' -I/home/users/xinshuo/cln_install/include  '
CSCOPE='cscope'
CTAGS='ctags'
CXX='g++ -std=gnu++11'
CXXCPP='g++ -std=gnu++11 -E'
CXXDEPMODE='depmode=gcc3'
CXXFLAGS='-g -O2'
CYGPATH_W='echo'
DEFS='-DHAVE_CONFIG_H'
DEPDIR='.deps'
DLLTOOL='false'
DL_LIBS='-ldl'
DOXYGEN=''
DSYMUTIL=''
DUMPBIN=''
DVIPS='/oak/stanford/orgs/kipac/users/xinshuo/texlive2024/bin/x86_64-linux/dvips'
ECHO_C=''
ECHO_N='-n'
ECHO_T=''
EGREP='/usr/bin/grep -E'
ETAGS='etags'
EXEEXT=''
FGREP='/usr/bin/grep -F'
FIG2DEV=''
FILECMD='file'
GINACLIB_RPATH='-Wl,-rpath -Wl,${libdir}'
GINSH_LIBS='-lreadline   -L/home/users/xinshuo/cln_install/lib -lcln   -Wl,-rpath -Wl,/home/users/xinshuo/cln_install/lib'
GREP='/usr/bin/grep'
HAVE_CXX11='1'
INSTALL_DATA='${INSTALL} -m 644'
INSTALL_PROGRAM='${INSTALL}'
INSTALL_SCRIPT='${INSTALL}'
INSTALL_STRIP_PROGRAM='$(install_sh) -c -s'
LATEX='/oak/stanford/orgs/kipac/users/xinshuo/texlive2024/bin/x86_64-linux/latex'
LD='/usr/bin/ld -m elf_x86_64'
LDFLAGS=''
LEX=':'
LEXLIB=''
LEX_OUTPUT_ROOT='lex.yy'
LIBOBJS=''
LIBS=' -L/home/users/xinshuo/cln_install/lib -lcln   -Wl,-rpath -Wl,/home/users/xinshuo/cln_install/lib'
LIBTERMCAP=''
LIBTOOL='$(SHELL) $(top_builddir)/libtool'
LIPO=''
LN_S='ln -s'
LTLIBOBJS=''
LT_SYS_LIBRARY_PATH=''
LT_VERSION_INFO='12:5:1'
MAKEINDEX='/oak/stanford/orgs/kipac/users/xinshuo/texlive2024/bin/x86_64-linux/makeindex'
MAKEINFO=''
MANIFEST_TOOL=':'
MKDIR_P='/usr/bin/mkdir -p'
NM='/usr/bin/nm -B'
NMEDIT=''
OBJDUMP='objdump'
OBJEXT='o'
OTOOL64=''
OTOOL=''
PACKAGE='ginac'
PACKAGE_BUGREPORT='ginac-list@ginac.de'
PACKAGE_NAME='GiNaC'
PACKAGE_STRING='GiNaC 1.8.6'
PACKAGE_TARNAME='ginac'
PACKAGE_URL='https://www.ginac.de/'
PACKAGE_VERSION='1.8.6'
PATH_SEPARATOR=':'
PDFLATEX='/oak/stanford/orgs/kipac/users/xinshuo/texlive2024/bin/x86_64-linux/pdflatex'
PKG_CONFIG='/usr/bin/pkg-config'
PKG_CONFIG_LIBDIR=''
PKG_CONFIG_PATH='/share/software/user/open/readline/8.2/lib/pkgconfig:/share/software/user/open/ncurses/6.4/lib/pkgconfig:/home/users/xinshuo/cln_install/lib/pkgconfig'
PYTHON='/usr/bin/python'
PYTHON_EXEC_PREFIX='${exec_prefix}'
PYTHON_PLATFORM='linux2'
PYTHON_PREFIX='${prefix}'
PYTHON_VERSION='2.7'
RANLIB='ranlib'
SED='/usr/bin/sed'
SET_MAKE=''
SHELL='/bin/sh'
STRIP='strip'
VERSION='1.8.6'
YACC='bison -y'
YACCEXE='/usr/bin/bison'
YFLAGS=''
ac_ct_AR='ar'
ac_ct_CC='gcc'
ac_ct_CXX='g++'
ac_ct_DUMPBIN=''
am__EXEEXT_FALSE=''
am__EXEEXT_TRUE='#'
am__fastdepCC_FALSE='#'
am__fastdepCC_TRUE=''
am__fastdepCXX_FALSE='#'
am__fastdepCXX_TRUE=''
am__include='include'
am__isrc=''
am__leading_dot='.'
am__nodep='_no'
am__quote=''
am__tar='$${TAR-tar} chof - "$$tardir"'
am__untar='$${TAR-tar} xf -'
bindir='${exec_prefix}/bin'
build='x86_64-pc-linux-gnu'
build_alias=''
build_cpu='x86_64'
build_os='linux-gnu'
build_vendor='pc'
datadir='${datarootdir}'
datarootdir='${prefix}/share'
docdir='${datarootdir}/doc/${PACKAGE_TARNAME}'
dvidir='${docdir}'
exec_prefix='/home/users/xinshuo/local'
host='x86_64-pc-linux-gnu'
host_alias=''
host_cpu='x86_64'
host_os='linux-gnu'
host_vendor='pc'
htmldir='${docdir}'
includedir='${prefix}/include'
infodir='${datarootdir}/info'
install_sh='${SHELL} /oak/stanford/orgs/kipac/users/xinshuo/F4_3loop/ginac-1.8.6/config/install-sh'
libdir='${exec_prefix}/lib'
libexecdir='${exec_prefix}/libexec'
localedir='${datarootdir}/locale'
localstatedir='${prefix}/var'
mandir='${datarootdir}/man'
mkdir_p='$(MKDIR_P)'
oldincludedir='/usr/include'
pdfdir='${docdir}'
pkgpyexecdir='${pyexecdir}/ginac'
pkgpythondir='${pythondir}/ginac'
prefix='/home/users/xinshuo/local'
program_transform_name='s,x,x,'
psdir='${docdir}'
pyexecdir='${PYTHON_EXEC_PREFIX}/lib64/python2.7/site-packages'
pythondir='${PYTHON_PREFIX}/lib/python2.7/site-packages'
runstatedir='${localstatedir}/run'
sbindir='${exec_prefix}/sbin'
sharedstatedir='${prefix}/com'
sysconfdir='${prefix}/etc'
target_alias=''

## ----------- ##
## confdefs.h. ##
## ----------- ##

/* confdefs.h */
#define PACKAGE_NAME "GiNaC"
#define PACKAGE_TARNAME "ginac"
#define PACKAGE_VERSION "1.8.6"
#define PACKAGE_STRING "GiNaC 1.8.6"
#define PACKAGE_BUGREPORT "ginac-list@ginac.de"
#define PACKAGE_URL "https://www.ginac.de/"
#define PACKAGE "ginac"
#define VERSION "1.8.6"
#define HAVE_STDIO_H 1
#define HAVE_STDLIB_H 1
#define HAVE_STRING_H 1
#define HAVE_INTTYPES_H 1
#define HAVE_STDINT_H 1
#define HAVE_STRINGS_H 1
#define HAVE_SYS_STAT_H 1
#define HAVE_SYS_TYPES_H 1
#define HAVE_UNISTD_H 1
#define STDC_HEADERS 1
#define HAVE_DLFCN_H 1
#define LT_OBJDIR ".libs/"
#define HAVE_CXX11 1
#define HAVE_UNISTD_H 1
#define HAVE_RUSAGE /**/
#define HAVE_READLINE_READLINE_H 1
#define HAVE_READLINE_HISTORY_H 1
#define HAVE_LIBREADLINE 1
#define HAVE_LIBDL 1

configure: exit 0
